\BOOKMARK [0][-]{chapter*.2}{\376\377\000I\000n\000f\000o\000r\000m\000a\000z\000i\000o\000n\000i\000\040\000e\000\040\000C\000o\000n\000t\000a\000t\000t\000i}{}% 1
\BOOKMARK [0][-]{chapter.1}{\376\377\000I\000n\000d\000u\000z\000i\000o\000n\000e}{}% 2
\BOOKMARK [1][-]{section.1.1}{\376\377\000A\000l\000g\000e\000b\000r\000e\000\040\000i\000n\000d\000u\000t\000t\000i\000v\000e}{chapter.1}% 3
\BOOKMARK [2][-]{subsection.1.1.1}{\376\377\000A\000s\000s\000i\000o\000m\000i\000\040\000d\000i\000\040\000P\000e\000a\000n\000o}{section.1.1}% 4
\BOOKMARK [2][-]{subsection.1.1.2}{\376\377\000A\000l\000g\000e\000b\000r\000e\000\040\000i\000n\000d\000u\000t\000t\000i\000v\000e}{section.1.1}% 5
\BOOKMARK [2][-]{subsection.1.1.3}{\376\377\000L\000e\000m\000m\000a\000\040\000d\000i\000\040\000L\000a\000m\000b\000e\000k}{section.1.1}% 6
\BOOKMARK [1][-]{section.1.2}{\376\377\000S\000t\000r\000u\000t\000t\000u\000r\000e\000\040\000d\000a\000t\000i\000\040\000i\000n\000d\000u\000t\000t\000i\000v\000e}{chapter.1}% 7
\BOOKMARK [2][-]{subsection.1.2.1}{\376\377\000L\000i\000s\000t\000e}{section.1.2}% 8
\BOOKMARK [2][-]{subsection.1.2.2}{\376\377\000A\000l\000b\000e\000r\000i\000\040\000b\000i\000n\000a\000r\000i}{section.1.2}% 9
\BOOKMARK [0][-]{chapter.2}{\376\377\000P\000a\000r\000a\000d\000i\000g\000m\000a\000\040\000f\000u\000n\000z\000i\000o\000n\000a\000l\000e}{}% 10
\BOOKMARK [1][-]{section.2.1}{\376\377\000G\000r\000a\000m\000m\000a\000t\000i\000c\000h\000e}{chapter.2}% 11
\BOOKMARK [2][-]{subsection.2.1.1}{\376\377\000D\000e\000f\000i\000n\000i\000z\000i\000o\000n\000i}{section.2.1}% 12
\BOOKMARK [1][-]{section.2.2}{\376\377\000E\000x\000p\000:\000\040\000u\000n\000\040\000p\000r\000i\000m\000o\000\040\000l\000i\000n\000g\000u\000a\000g\000g\000i\000o}{chapter.2}% 13
\BOOKMARK [2][-]{subsection.2.2.1}{\376\377\000D\000e\000f\000i\000n\000i\000z\000i\000o\000n\000i}{section.2.2}% 14
\BOOKMARK [2][-]{subsection.2.2.2}{\376\377\000A\000s\000s\000e\000g\000n\000a\000z\000i\000o\000n\000i}{section.2.2}% 15
\BOOKMARK [2][-]{subsection.2.2.3}{\376\377\000A\000m\000b\000i\000e\000n\000t\000i}{section.2.2}% 16
\BOOKMARK [2][-]{subsection.2.2.4}{\376\377\000S\000e\000m\000a\000n\000t\000i\000c\000a\000\040\000o\000p\000e\000r\000a\000z\000i\000o\000n\000a\000l\000e\000\040\000d\000i\000\040\000E\000x\000p}{section.2.2}% 17
\BOOKMARK [2][-]{subsection.2.2.5}{\376\377\000V\000a\000l\000u\000t\000a\000z\000i\000o\000n\000i\000\040\000e\000\040\000s\000c\000o\000p\000i\000n\000g}{section.2.2}% 18
\BOOKMARK [1][-]{section.2.3}{\376\377\000F\000u\000n\000:\000\040\000u\000n\000\040\000l\000i\000n\000g\000u\000a\000g\000g\000i\000o\000\040\000f\000u\000n\000z\000i\000o\000n\000a\000l\000e}{chapter.2}% 19
\BOOKMARK [2][-]{subsection.2.3.1}{\376\377\000D\000e\000f\000i\000n\000i\000z\000i\000o\000n\000i}{section.2.3}% 20
\BOOKMARK [2][-]{subsection.2.3.2}{\376\377\000S\000e\000m\000a\000n\000t\000i\000c\000a\000\040\000o\000p\000e\000r\000a\000z\000i\000o\000n\000a\000l\000e\000\040\000d\000i\000\040\000F\000u\000n}{section.2.3}% 21
\BOOKMARK [1][-]{section.2.4}{\376\377\000L\000a\000m\000b\000d\000a\000\040\000c\000a\000l\000c\000o\000l\000o}{chapter.2}% 22
\BOOKMARK [2][-]{subsection.2.4.1}{\376\377\000N\000u\000m\000e\000r\000i\000\040\000d\000i\000\040\000C\000h\000u\000r\000c\000h}{section.2.4}% 23
\BOOKMARK [2][-]{subsection.2.4.2}{\376\377\000L\000o\000g\000i\000c\000a\000\040\000b\000o\000o\000l\000e\000a\000n\000a\000\040\000d\000i\000\040\000C\000h\000u\000r\000c\000h}{section.2.4}% 24
\BOOKMARK [2][-]{subsection.2.4.3}{\376\377\000L\000a\000m\000b\000d\000a\000\040\000c\000a\000l\000c\000o\000l\000o}{section.2.4}% 25
\BOOKMARK [2][-]{subsection.2.4.4}{\376\377\000R\000i\000c\000o\000r\000s\000i\000o\000n\000e}{section.2.4}% 26
\BOOKMARK [1][-]{section.2.5}{\376\377\000F\000u\000n\000:\000\040\000u\000n\000\040\000l\000i\000n\000g\000u\000a\000g\000g\000i\000o\000\040\000f\000u\000n\000z\000i\000o\000n\000a\000l\000e\000\040\000r\000i\000c\000o\000r\000s\000i\000v\000o}{chapter.2}% 27
\BOOKMARK [2][-]{subsection.2.5.1}{\376\377\000O\000p\000e\000r\000a\000t\000o\000r\000i\000\040\000d\000i\000\040\000r\000i\000c\000o\000r\000s\000i\000o\000n\000e}{section.2.5}% 28
\BOOKMARK [0][-]{chapter.3}{\376\377\000P\000a\000r\000a\000d\000i\000g\000m\000a\000\040\000i\000m\000p\000e\000r\000a\000t\000i\000v\000o}{}% 29
\BOOKMARK [1][-]{section.3.1}{\376\377\000P\000r\000o\000g\000r\000a\000m\000m\000i}{chapter.3}% 30
\BOOKMARK [2][-]{subsection.3.1.1}{\376\377\000M\000e\000m\000o\000r\000i\000a}{section.3.1}% 31
\BOOKMARK [2][-]{subsection.3.1.2}{\376\377\000C\000l\000a\000u\000s\000o\000l\000e\000\040\000i\000m\000p\000e\000r\000a\000t\000i\000v\000e}{section.3.1}% 32
\BOOKMARK [1][-]{section.3.2}{\376\377\000I\000m\000p\000:\000\040\000u\000n\000\040\000l\000i\000n\000g\000u\000a\000g\000g\000i\000o\000\040\000i\000m\000p\000e\000r\000a\000t\000i\000v\000o}{chapter.3}% 33
\BOOKMARK [2][-]{subsection.3.2.1}{\376\377\000D\000e\000f\000i\000n\000i\000z\000i\000o\000n\000i}{section.3.2}% 34
\BOOKMARK [2][-]{subsection.3.2.2}{\376\377\000S\000e\000m\000a\000n\000t\000i\000c\000a\000\040\000o\000p\000e\000r\000a\000z\000i\000o\000n\000a\000l\000e\000\040\000d\000i\000\040\000I\000m\000p}{section.3.2}% 35
\BOOKMARK [1][-]{section.3.3}{\376\377\000M\000e\000m\000o\000r\000i\000a\000\040\000c\000o\000n\000t\000i\000g\000u\000a}{chapter.3}% 36
\BOOKMARK [2][-]{subsection.3.3.1}{\376\377\000D\000e\000f\000i\000n\000i\000z\000i\000o\000n\000i}{section.3.3}% 37
\BOOKMARK [1][-]{section.3.4}{\376\377\000A\000l\000l\000:\000\040\000u\000n\000\040\000l\000i\000n\000g\000u\000a\000g\000g\000i\000o\000\040\000i\000m\000p\000e\000r\000a\000t\000i\000v\000o\000\040\000c\000o\000m\000p\000l\000e\000t\000o}{chapter.3}% 38
\BOOKMARK [2][-]{subsection.3.4.1}{\376\377\000D\000e\000f\000i\000n\000i\000z\000i\000o\000n\000i}{section.3.4}% 39
\BOOKMARK [2][-]{subsection.3.4.2}{\376\377\000S\000e\000m\000a\000n\000t\000i\000c\000a\000\040\000o\000p\000e\000r\000a\000z\000i\000o\000n\000a\000l\000e\000\040\000d\000i\000\040\000A\000l\000l}{section.3.4}% 40
\BOOKMARK [0][-]{chapter.4}{\376\377\000C\000o\000r\000r\000e\000t\000t\000e\000z\000z\000a\000\040\000d\000e\000i\000\040\000p\000r\000o\000g\000r\000a\000m\000m\000i}{}% 41
\BOOKMARK [1][-]{section.4.1}{\376\377\000C\000o\000r\000r\000e\000t\000t\000e\000z\000z\000a\000\040\000n\000e\000l\000\040\000p\000a\000r\000a\000d\000i\000g\000m\000a\000\040\000i\000m\000p\000e\000r\000a\000t\000i\000v\000o}{chapter.4}% 42
\BOOKMARK [2][-]{subsection.4.1.1}{\376\377\000F\000o\000r\000m\000u\000l\000e\000\040\000i\000m\000p\000e\000r\000a\000t\000i\000v\000e}{section.4.1}% 43
\BOOKMARK [2][-]{subsection.4.1.2}{\376\377\000L\000o\000g\000i\000c\000a\000\040\000d\000i\000\040\000H\000o\000a\000r\000e}{section.4.1}% 44
\BOOKMARK [1][-]{section.4.2}{\376\377\000C\000o\000r\000r\000e\000t\000t\000e\000z\000z\000a\000\040\000n\000e\000l\000\040\000p\000a\000r\000a\000d\000i\000g\000m\000a\000\040\000f\000u\000n\000z\000i\000o\000n\000a\000l\000e}{chapter.4}% 45
\BOOKMARK [2][-]{subsection.4.2.1}{\376\377\000F\000o\000r\000m\000u\000l\000e\000\040\000f\000u\000n\000z\000i\000o\000n\000a\000l\000i}{section.4.2}% 46
\BOOKMARK [0][-]{chapter.5}{\376\377\000E\000l\000e\000m\000e\000n\000t\000i\000\040\000d\000i\000\040\000T\000e\000o\000r\000i\000a\000\040\000d\000e\000i\000\040\000T\000i\000p\000i}{}% 47
\BOOKMARK [1][-]{section.5.1}{\376\377\000L\000a\000m\000b\000d\000a\000\040\000c\000a\000l\000c\000o\000l\000o\000\040\000t\000i\000p\000a\000t\000o\000\040\000s\000e\000m\000p\000l\000i\000c\000e}{chapter.5}% 48
\BOOKMARK [2][-]{subsection.5.1.1}{\376\377\000D\000e\000f\000i\000n\000i\000z\000i\000o\000n\000i}{section.5.1}% 49
\BOOKMARK [1][-]{section.5.2}{\376\377\000L\000a\000m\000b\000d\000a\000\040\000c\000a\000l\000c\000o\000l\000o\000\040\000p\000o\000l\000i\000m\000o\000r\000f\000o}{chapter.5}% 50
\BOOKMARK [2][-]{subsection.5.2.1}{\376\377\000P\000o\000l\000i\000m\000o\000r\000f\000i\000s\000m\000o}{section.5.2}% 51
\BOOKMARK [2][-]{subsection.5.2.2}{\376\377\000L\000a\000m\000b\000d\000a\000\040\000c\000a\000l\000c\000o\000l\000o\000\040\000p\000o\000l\000i\000m\000o\000r\000f\000o}{section.5.2}% 52
\BOOKMARK [1][-]{section.5.3}{\376\377\000F\000u\000n\000:\000\040\000u\000n\000\040\000l\000i\000n\000g\000u\000a\000g\000g\000i\000o\000\040\000t\000i\000p\000a\000t\000o\000\040\000p\000o\000l\000i\000m\000o\000r\000f\000o}{chapter.5}% 53
\BOOKMARK [2][-]{subsection.5.3.1}{\376\377\000D\000e\000f\000i\000n\000i\000z\000i\000o\000n\000i}{section.5.3}% 54
\BOOKMARK [2][-]{subsection.5.3.2}{\376\377\000A\000l\000g\000o\000r\000i\000t\000m\000o\000\040\000W}{section.5.3}% 55
